<?xml version="1.0" encoding="UTF-8"?>
<!-- Generated by org.testng.reporters.JUnitXMLReporter -->
<testsuite ignored="0" hostname="DESKTOP-1K40J9R" failures="1" tests="3" name="isWordPresent" time="31.038" errors="0" timestamp="2025-09-07T20:46:31 NZST">
  <testcase classname="workproject.test.LandingTest" name="isWordPresent" time="9.636"/>
  <testcase classname="workproject.test.LandingTest" name="isWordPresent" time="6.53">
    <skipped/>
  </testcase> <!-- isWordPresent -->
  <testcase classname="workproject.test.LandingTest" name="isWordPresent" time="8.896">
    <failure type="java.lang.AssertionError" message="The page does NOT contain the text: test automation expected [true] but found [false]">
      <![CDATA[java.lang.AssertionError: The page does NOT contain the text: test automation expected [true] but found [false]
at workproject.pageobjects.FirstLinkLandingPage.wordCheck(FirstLinkLandingPage.java:29)
at workproject.test.LandingTest.isWordPresent(LandingTest.java:24)
at java.base/java.util.ArrayList.forEach(ArrayList.java:1596)
... Removed 28 stack frames]]>
    </failure>
  </testcase> <!-- isWordPresent -->
</testsuite> <!-- isWordPresent -->
